TN:
SF:/Users/pujaagarwal/Documents/flickrapp/flickr-app/src/polyfills.ts
FNF:0
FNH:0
LF:0
LH:0
BRF:0
BRH:0
end_of_record
TN:
SF:/Users/pujaagarwal/Documents/flickrapp/flickr-app/src/test.ts
FNF:0
FNH:0
DA:13,1
DA:18,1
DA:20,1
LF:3
LH:3
BRF:0
BRH:0
end_of_record
TN:
SF:/Users/pujaagarwal/Documents/flickrapp/flickr-app/src/app/app.component.ts
FN:8,(anonymous_0)
FN:3,AppComponent
FNF:2
FNH:2
FNDA:1,(anonymous_0)
FNDA:3,AppComponent
DA:8,1
DA:9,3
DA:10,1
LF:3
LH:3
BRF:0
BRH:0
end_of_record
TN:
SF:/Users/pujaagarwal/Documents/flickrapp/flickr-app/src/app/services/api.service.ts
FN:8,(anonymous_0)
FN:10,ApiService
FN:13,(anonymous_2)
FNF:3
FNH:3
FNDA:1,(anonymous_0)
FNDA:4,ApiService
FNDA:3,(anonymous_2)
DA:8,1
DA:10,4
DA:13,1
DA:14,3
DA:16,1
LF:5
LH:5
BRF:0
BRH:0
end_of_record
TN:
SF:/Users/pujaagarwal/Documents/flickrapp/flickr-app/src/app/templates/footer/footer.component.ts
FN:8,(anonymous_0)
FN:10,FooterComponent
FN:12,(anonymous_2)
FNF:3
FNH:3
FNDA:1,(anonymous_0)
FNDA:1,FooterComponent
FNDA:1,(anonymous_2)
DA:8,1
DA:12,1
DA:15,1
LF:3
LH:3
BRF:0
BRH:0
end_of_record
TN:
SF:/Users/pujaagarwal/Documents/flickrapp/flickr-app/src/app/templates/header/header.component.ts
FN:8,(anonymous_0)
FN:10,HeaderComponent
FN:12,(anonymous_2)
FNF:3
FNH:3
FNDA:1,(anonymous_0)
FNDA:2,HeaderComponent
FNDA:2,(anonymous_2)
DA:8,1
DA:12,1
DA:15,1
LF:3
LH:3
BRF:0
BRH:0
end_of_record
TN:
SF:/Users/pujaagarwal/Documents/flickrapp/flickr-app/src/app/templates/home/home.component.ts
FN:12,(anonymous_0)
FN:15,HomeComponent
FN:21,(anonymous_2)
FN:26,(anonymous_3)
FN:30,(anonymous_4)
FN:35,(anonymous_5)
FN:42,(anonymous_6)
FN:45,(anonymous_7)
FN:51,(anonymous_8)
FNF:9
FNH:4
FNDA:1,(anonymous_0)
FNDA:2,HomeComponent
FNDA:0,(anonymous_2)
FNDA:2,(anonymous_3)
FNDA:2,(anonymous_4)
FNDA:0,(anonymous_5)
FNDA:0,(anonymous_6)
FNDA:0,(anonymous_7)
FNDA:0,(anonymous_8)
DA:12,1
DA:13,2
DA:14,2
DA:16,2
DA:17,2
DA:18,2
DA:20,2
DA:22,0
DA:26,1
DA:27,2
DA:30,2
DA:31,2
DA:32,2
DA:33,2
DA:34,0
DA:35,0
DA:36,0
DA:37,0
DA:39,0
DA:41,2
DA:43,0
DA:44,0
DA:45,0
DA:46,0
DA:49,0
DA:52,0
DA:53,0
DA:57,1
LF:28
LH:15
BRDA:33,0,0,0
BRDA:33,0,1,2
BRDA:43,1,0,0
BRDA:43,1,1,0
BRF:4
BRH:1
end_of_record
TN:
SF:/Users/pujaagarwal/Documents/flickrapp/flickr-app/src/app/templates/layout/layout.component.ts
FN:8,(anonymous_0)
FN:10,LayoutComponent
FN:12,(anonymous_2)
FNF:3
FNH:3
FNDA:1,(anonymous_0)
FNDA:4,LayoutComponent
FNDA:4,(anonymous_2)
DA:8,1
DA:12,1
DA:15,1
LF:3
LH:3
BRF:0
BRH:0
end_of_record
